nftset=/hostvds.com/4#inet#fw4#vpn_domains
nftset=/sharewood-zerkalo.com/4#inet#fw4#vpn_domains
nftset=/encar.com/4#inet#fw4#vpn_domains
nftset=/hmb.atlassian.net/4#inet#fw4#vpn_domains
nftset=/w.deepl.com/4#inet#fw4#vpn_domains
nftset=/s9.sharewood.ws/4#inet#fw4#vpn_domains
nftset=/si94.skladchik.org/4#inet#fw4#vpn_domains
nftset=/skladchik.com/4#inet#fw4#vpn_domains
nftset=/rutracker.ru/4#inet#fw4#vpn_domains
nftset=/rutracker.org/4#inet#fw4#vpn_domains
nftset=/s1.sharewood.tech/4#inet#fw4#vpn_domains
nftset=/kinogo.ec/4#inet#fw4#vpn_domains
nftset=/grammarly.com/4#inet#fw4#vpn_domains
nftset=/godotengine.org/4#inet#fw4#vpn_domains
nftset=/languagereactor.com/4#inet#fw4#vpn_domains
nftset=/excalidraw.com/4#inet#fw4#vpn_domains
nftset=/dt-live.passtechgames.com/4#inet#fw4#vpn_domains
nftset=/dt-live-2.passtechgames.com/4#inet#fw4#vpn_domains
nftset=/dt-live-3.passtechgames.com/4#inet#fw4#vpn_domains
nftset=/mymail.hamkorbank.uz/4#inet#fw4#vpn_domains
